<?xml version="1.0" encoding="UTF-8"?>
<!-- Generated by org.testng.reporters.JUnitReportReporter -->
<testsuite hostname="RSIbr1377" failures="0" tests="2" name="Registrar_usuario_com_sucesso" time="3.690" errors="0" timestamp="2020-12-11T18:45:39 BRT" skipped="0">
  <testcase classname="Registrar_usuario_com_sucesso" name="Registro_com_sucesso" time="0.578"/>
  <system-out/>
  <testcase classname="Registrar_usuario_com_sucesso" name="Registro_com_sucesso" time="3.112"/>
  <system-out/>
</testsuite> <!-- Registrar_usuario_com_sucesso -->
