<?xml version="1.0" encoding="UTF-8"?>
<!-- Generated by org.testng.reporters.JUnitReportReporter -->
<testsuite hostname="RSIbr1377" failures="0" tests="2" name="Registrar_usuario_com_sucesso" time="3.087" errors="0" timestamp="2020-12-14T01:12:15 BRT" skipped="0">
  <testcase classname="Registrar_usuario_com_sucesso" name="Registro_com_sucesso" time="0.565"/>
  <system-out/>
  <testcase classname="Registrar_usuario_com_sucesso" name="Registro_com_sucesso" time="2.522"/>
  <system-out/>
</testsuite> <!-- Registrar_usuario_com_sucesso -->
