<?xml version="1.0" encoding="UTF-8"?>
<!-- Generated by org.testng.reporters.JUnitReportReporter -->
<testsuite hostname="RSIbr1377" failures="0" tests="2" name="Registrar_usuario" time="3.026" errors="0" timestamp="2020-12-11T17:48:59 BRT" skipped="0">
  <testcase classname="Registrar_usuario" name="Registro_com_sucesso" time="0.575"/>
  <system-out/>
  <testcase classname="Registrar_usuario" name="Registro_com_campos_vazios" time="2.451"/>
  <system-out/>
</testsuite> <!-- Registrar_usuario -->
