<?xml version="1.0" encoding="UTF-8"?>
<!-- Generated by org.testng.reporters.JUnitReportReporter -->
<testsuite hostname="RSIbr1377" failures="0" tests="3" name="Registrar_usuário_campos_vazios" time="3.428" errors="0" timestamp="2020-12-11T18:30:23 BRT" skipped="0">
  <testcase classname="Registrar_usuário_campos_vazios" name="Registro_com_sucesso" time="2.302"/>
  <system-out/>
  <testcase classname="Registrar_usuário_campos_vazios" name="Registro_com_sucesso" time="0.565"/>
  <system-out/>
  <testcase classname="Registrar_usuário_campos_vazios" name="Registro_com_sucesso" time="0.561"/>
  <system-out/>
</testsuite> <!-- Registrar_usuário_campos_vazios -->
