<?xml version="1.0" encoding="UTF-8"?>
<!-- Generated by org.testng.reporters.JUnitReportReporter -->
<testsuite hostname="RSIbr1377" failures="0" tests="1" name="Create_user" time="2.668" errors="0" timestamp="2020-12-11T17:44:46 BRT" skipped="0">
  <testcase classname="Create_user" name="Criar_usuario_comum" time="2.668"/>
  <system-out/>
</testsuite> <!-- Create_user -->
