<?xml version="1.0" encoding="UTF-8"?>
<!-- Generated by org.testng.reporters.JUnitReportReporter -->
<testsuite hostname="RSIbr1377" failures="0" tests="1" name="Test01_GET" time="2.796" errors="0" timestamp="2020-12-11T16:32:04 BRT" skipped="0">
  <testcase classname="Test01_GET" name="test_01" time="2.796"/>
  <system-out/>
</testsuite> <!-- Test01_GET -->
